<?xml version="1.0" encoding="UTF-8"?>
<testsuite xmlns:xsi="http://www.w3.org/2001/XMLSchema-instance" xsi:noNamespaceSchemaLocation="https://maven.apache.org/surefire/maven-surefire-plugin/xsd/surefire-test-report.xsd" name="com.zzt.store.StoreApplicationTests" time="2.71" tests="2" errors="0" skipped="0" failures="0">
  <properties>
    <property name="sun.desktop" value="windows"/>
    <property name="awt.toolkit" value="sun.awt.windows.WToolkit"/>
    <property name="file.encoding.pkg" value="sun.io"/>
    <property name="java.specification.version" value="1.8"/>
    <property name="sun.cpu.isalist" value="amd64"/>
    <property name="sun.jnu.encoding" value="GBK"/>
    <property name="java.class.path" value="D:\Java\Spring-boot项目实战\store\target\test-classes;D:\Java\Spring-boot项目实战\store\target\classes;D:\environment\Maven\apache-maven-3.5.4\mvn_repo\org\springframework\boot\spring-boot-starter-web\2.7.3\spring-boot-starter-web-2.7.3.jar;D:\environment\Maven\apache-maven-3.5.4\mvn_repo\org\springframework\boot\spring-boot-starter\2.7.3\spring-boot-starter-2.7.3.jar;D:\environment\Maven\apache-maven-3.5.4\mvn_repo\org\springframework\boot\spring-boot\2.7.3\spring-boot-2.7.3.jar;D:\environment\Maven\apache-maven-3.5.4\mvn_repo\org\springframework\boot\spring-boot-autoconfigure\2.7.3\spring-boot-autoconfigure-2.7.3.jar;D:\environment\Maven\apache-maven-3.5.4\mvn_repo\org\springframework\boot\spring-boot-starter-logging\2.7.3\spring-boot-starter-logging-2.7.3.jar;D:\environment\Maven\apache-maven-3.5.4\mvn_repo\ch\qos\logback\logback-classic\1.2.11\logback-classic-1.2.11.jar;D:\environment\Maven\apache-maven-3.5.4\mvn_repo\ch\qos\logback\logback-core\1.2.11\logback-core-1.2.11.jar;D:\environment\Maven\apache-maven-3.5.4\mvn_repo\org\apache\logging\log4j\log4j-to-slf4j\2.17.2\log4j-to-slf4j-2.17.2.jar;D:\environment\Maven\apache-maven-3.5.4\mvn_repo\org\apache\logging\log4j\log4j-api\2.17.2\log4j-api-2.17.2.jar;D:\environment\Maven\apache-maven-3.5.4\mvn_repo\org\slf4j\jul-to-slf4j\1.7.36\jul-to-slf4j-1.7.36.jar;D:\environment\Maven\apache-maven-3.5.4\mvn_repo\jakarta\annotation\jakarta.annotation-api\1.3.5\jakarta.annotation-api-1.3.5.jar;D:\environment\Maven\apache-maven-3.5.4\mvn_repo\org\yaml\snakeyaml\1.30\snakeyaml-1.30.jar;D:\environment\Maven\apache-maven-3.5.4\mvn_repo\org\springframework\boot\spring-boot-starter-json\2.7.3\spring-boot-starter-json-2.7.3.jar;D:\environment\Maven\apache-maven-3.5.4\mvn_repo\com\fasterxml\jackson\core\jackson-databind\2.13.3\jackson-databind-2.13.3.jar;D:\environment\Maven\apache-maven-3.5.4\mvn_repo\com\fasterxml\jackson\core\jackson-annotations\2.13.3\jackson-annotations-2.13.3.jar;D:\environment\Maven\apache-maven-3.5.4\mvn_repo\com\fasterxml\jackson\core\jackson-core\2.13.3\jackson-core-2.13.3.jar;D:\environment\Maven\apache-maven-3.5.4\mvn_repo\com\fasterxml\jackson\datatype\jackson-datatype-jdk8\2.13.3\jackson-datatype-jdk8-2.13.3.jar;D:\environment\Maven\apache-maven-3.5.4\mvn_repo\com\fasterxml\jackson\datatype\jackson-datatype-jsr310\2.13.3\jackson-datatype-jsr310-2.13.3.jar;D:\environment\Maven\apache-maven-3.5.4\mvn_repo\com\fasterxml\jackson\module\jackson-module-parameter-names\2.13.3\jackson-module-parameter-names-2.13.3.jar;D:\environment\Maven\apache-maven-3.5.4\mvn_repo\org\springframework\boot\spring-boot-starter-tomcat\2.7.3\spring-boot-starter-tomcat-2.7.3.jar;D:\environment\Maven\apache-maven-3.5.4\mvn_repo\org\apache\tomcat\embed\tomcat-embed-core\9.0.65\tomcat-embed-core-9.0.65.jar;D:\environment\Maven\apache-maven-3.5.4\mvn_repo\org\apache\tomcat\embed\tomcat-embed-el\9.0.65\tomcat-embed-el-9.0.65.jar;D:\environment\Maven\apache-maven-3.5.4\mvn_repo\org\apache\tomcat\embed\tomcat-embed-websocket\9.0.65\tomcat-embed-websocket-9.0.65.jar;D:\environment\Maven\apache-maven-3.5.4\mvn_repo\org\springframework\spring-web\5.3.22\spring-web-5.3.22.jar;D:\environment\Maven\apache-maven-3.5.4\mvn_repo\org\springframework\spring-beans\5.3.22\spring-beans-5.3.22.jar;D:\environment\Maven\apache-maven-3.5.4\mvn_repo\org\springframework\spring-webmvc\5.3.22\spring-webmvc-5.3.22.jar;D:\environment\Maven\apache-maven-3.5.4\mvn_repo\org\springframework\spring-aop\5.3.22\spring-aop-5.3.22.jar;D:\environment\Maven\apache-maven-3.5.4\mvn_repo\org\springframework\spring-context\5.3.22\spring-context-5.3.22.jar;D:\environment\Maven\apache-maven-3.5.4\mvn_repo\org\springframework\spring-expression\5.3.22\spring-expression-5.3.22.jar;D:\environment\Maven\apache-maven-3.5.4\mvn_repo\org\mybatis\spring\boot\mybatis-spring-boot-starter\2.1.4\mybatis-spring-boot-starter-2.1.4.jar;D:\environment\Maven\apache-maven-3.5.4\mvn_repo\org\springframework\boot\spring-boot-starter-jdbc\2.7.3\spring-boot-starter-jdbc-2.7.3.jar;D:\environment\Maven\apache-maven-3.5.4\mvn_repo\com\zaxxer\HikariCP\4.0.3\HikariCP-4.0.3.jar;D:\environment\Maven\apache-maven-3.5.4\mvn_repo\org\springframework\spring-jdbc\5.3.22\spring-jdbc-5.3.22.jar;D:\environment\Maven\apache-maven-3.5.4\mvn_repo\org\springframework\spring-tx\5.3.22\spring-tx-5.3.22.jar;D:\environment\Maven\apache-maven-3.5.4\mvn_repo\org\mybatis\spring\boot\mybatis-spring-boot-autoconfigure\2.1.4\mybatis-spring-boot-autoconfigure-2.1.4.jar;D:\environment\Maven\apache-maven-3.5.4\mvn_repo\org\mybatis\mybatis-spring\2.0.6\mybatis-spring-2.0.6.jar;D:\environment\Maven\apache-maven-3.5.4\mvn_repo\mysql\mysql-connector-java\8.0.30\mysql-connector-java-8.0.30.jar;D:\environment\Maven\apache-maven-3.5.4\mvn_repo\org\springframework\boot\spring-boot-starter-test\2.7.3\spring-boot-starter-test-2.7.3.jar;D:\environment\Maven\apache-maven-3.5.4\mvn_repo\org\springframework\boot\spring-boot-test\2.7.3\spring-boot-test-2.7.3.jar;D:\environment\Maven\apache-maven-3.5.4\mvn_repo\org\springframework\boot\spring-boot-test-autoconfigure\2.7.3\spring-boot-test-autoconfigure-2.7.3.jar;D:\environment\Maven\apache-maven-3.5.4\mvn_repo\com\jayway\jsonpath\json-path\2.7.0\json-path-2.7.0.jar;D:\environment\Maven\apache-maven-3.5.4\mvn_repo\net\minidev\json-smart\2.4.8\json-smart-2.4.8.jar;D:\environment\Maven\apache-maven-3.5.4\mvn_repo\net\minidev\accessors-smart\2.4.8\accessors-smart-2.4.8.jar;D:\environment\Maven\apache-maven-3.5.4\mvn_repo\org\ow2\asm\asm\9.1\asm-9.1.jar;D:\environment\Maven\apache-maven-3.5.4\mvn_repo\org\slf4j\slf4j-api\1.7.36\slf4j-api-1.7.36.jar;D:\environment\Maven\apache-maven-3.5.4\mvn_repo\jakarta\xml\bind\jakarta.xml.bind-api\2.3.3\jakarta.xml.bind-api-2.3.3.jar;D:\environment\Maven\apache-maven-3.5.4\mvn_repo\jakarta\activation\jakarta.activation-api\1.2.2\jakarta.activation-api-1.2.2.jar;D:\environment\Maven\apache-maven-3.5.4\mvn_repo\org\assertj\assertj-core\3.22.0\assertj-core-3.22.0.jar;D:\environment\Maven\apache-maven-3.5.4\mvn_repo\org\hamcrest\hamcrest\2.2\hamcrest-2.2.jar;D:\environment\Maven\apache-maven-3.5.4\mvn_repo\org\junit\jupiter\junit-jupiter\5.8.2\junit-jupiter-5.8.2.jar;D:\environment\Maven\apache-maven-3.5.4\mvn_repo\org\junit\jupiter\junit-jupiter-api\5.8.2\junit-jupiter-api-5.8.2.jar;D:\environment\Maven\apache-maven-3.5.4\mvn_repo\org\opentest4j\opentest4j\1.2.0\opentest4j-1.2.0.jar;D:\environment\Maven\apache-maven-3.5.4\mvn_repo\org\junit\platform\junit-platform-commons\1.8.2\junit-platform-commons-1.8.2.jar;D:\environment\Maven\apache-maven-3.5.4\mvn_repo\org\apiguardian\apiguardian-api\1.1.2\apiguardian-api-1.1.2.jar;D:\environment\Maven\apache-maven-3.5.4\mvn_repo\org\junit\jupiter\junit-jupiter-params\5.8.2\junit-jupiter-params-5.8.2.jar;D:\environment\Maven\apache-maven-3.5.4\mvn_repo\org\junit\jupiter\junit-jupiter-engine\5.8.2\junit-jupiter-engine-5.8.2.jar;D:\environment\Maven\apache-maven-3.5.4\mvn_repo\org\junit\platform\junit-platform-engine\1.8.2\junit-platform-engine-1.8.2.jar;D:\environment\Maven\apache-maven-3.5.4\mvn_repo\org\mockito\mockito-core\4.5.1\mockito-core-4.5.1.jar;D:\environment\Maven\apache-maven-3.5.4\mvn_repo\net\bytebuddy\byte-buddy\1.12.13\byte-buddy-1.12.13.jar;D:\environment\Maven\apache-maven-3.5.4\mvn_repo\net\bytebuddy\byte-buddy-agent\1.12.13\byte-buddy-agent-1.12.13.jar;D:\environment\Maven\apache-maven-3.5.4\mvn_repo\org\objenesis\objenesis\3.2\objenesis-3.2.jar;D:\environment\Maven\apache-maven-3.5.4\mvn_repo\org\mockito\mockito-junit-jupiter\4.5.1\mockito-junit-jupiter-4.5.1.jar;D:\environment\Maven\apache-maven-3.5.4\mvn_repo\org\skyscreamer\jsonassert\1.5.1\jsonassert-1.5.1.jar;D:\environment\Maven\apache-maven-3.5.4\mvn_repo\com\vaadin\external\google\android-json\0.0.20131108.vaadin1\android-json-0.0.20131108.vaadin1.jar;D:\environment\Maven\apache-maven-3.5.4\mvn_repo\org\springframework\spring-core\5.3.22\spring-core-5.3.22.jar;D:\environment\Maven\apache-maven-3.5.4\mvn_repo\org\springframework\spring-jcl\5.3.22\spring-jcl-5.3.22.jar;D:\environment\Maven\apache-maven-3.5.4\mvn_repo\org\springframework\spring-test\5.3.22\spring-test-5.3.22.jar;D:\environment\Maven\apache-maven-3.5.4\mvn_repo\org\xmlunit\xmlunit-core\2.9.0\xmlunit-core-2.9.0.jar;D:\environment\Maven\apache-maven-3.5.4\mvn_repo\junit\junit\4.13.2\junit-4.13.2.jar;D:\environment\Maven\apache-maven-3.5.4\mvn_repo\org\hamcrest\hamcrest-core\2.2\hamcrest-core-2.2.jar;D:\environment\Maven\apache-maven-3.5.4\mvn_repo\org\aspectj\aspectjweaver\1.9.7\aspectjweaver-1.9.7.jar;D:\environment\Maven\apache-maven-3.5.4\mvn_repo\org\aspectj\aspectjtools\1.9.7\aspectjtools-1.9.7.jar;D:\environment\Maven\apache-maven-3.5.4\mvn_repo\org\mybatis\mybatis\3.5.6\mybatis-3.5.6.jar;"/>
    <property name="java.vm.vendor" value="Oracle Corporation"/>
    <property name="sun.arch.data.model" value="64"/>
    <property name="user.variant" value=""/>
    <property name="java.vendor.url" value="http://java.oracle.com/"/>
    <property name="user.timezone" value="Asia/Shanghai"/>
    <property name="java.vm.specification.version" value="1.8"/>
    <property name="os.name" value="Windows 10"/>
    <property name="user.country" value="CN"/>
    <property name="sun.java.launcher" value="SUN_STANDARD"/>
    <property name="sun.boot.library.path" value="D:\environment\JDK\jdk1.8.0_331\jre\bin"/>
    <property name="sun.java.command" value="C:\Users\123\AppData\Local\Temp\surefire8009192898021760368\surefirebooter8743087367051493946.jar C:\Users\123\AppData\Local\Temp\surefire8009192898021760368 2022-09-20T13-07-26_874-jvmRun1 surefire1038173369181469485tmp surefire_04594685500210116465tmp"/>
    <property name="surefire.test.class.path" value="D:\Java\Spring-boot项目实战\store\target\test-classes;D:\Java\Spring-boot项目实战\store\target\classes;D:\environment\Maven\apache-maven-3.5.4\mvn_repo\org\springframework\boot\spring-boot-starter-web\2.7.3\spring-boot-starter-web-2.7.3.jar;D:\environment\Maven\apache-maven-3.5.4\mvn_repo\org\springframework\boot\spring-boot-starter\2.7.3\spring-boot-starter-2.7.3.jar;D:\environment\Maven\apache-maven-3.5.4\mvn_repo\org\springframework\boot\spring-boot\2.7.3\spring-boot-2.7.3.jar;D:\environment\Maven\apache-maven-3.5.4\mvn_repo\org\springframework\boot\spring-boot-autoconfigure\2.7.3\spring-boot-autoconfigure-2.7.3.jar;D:\environment\Maven\apache-maven-3.5.4\mvn_repo\org\springframework\boot\spring-boot-starter-logging\2.7.3\spring-boot-starter-logging-2.7.3.jar;D:\environment\Maven\apache-maven-3.5.4\mvn_repo\ch\qos\logback\logback-classic\1.2.11\logback-classic-1.2.11.jar;D:\environment\Maven\apache-maven-3.5.4\mvn_repo\ch\qos\logback\logback-core\1.2.11\logback-core-1.2.11.jar;D:\environment\Maven\apache-maven-3.5.4\mvn_repo\org\apache\logging\log4j\log4j-to-slf4j\2.17.2\log4j-to-slf4j-2.17.2.jar;D:\environment\Maven\apache-maven-3.5.4\mvn_repo\org\apache\logging\log4j\log4j-api\2.17.2\log4j-api-2.17.2.jar;D:\environment\Maven\apache-maven-3.5.4\mvn_repo\org\slf4j\jul-to-slf4j\1.7.36\jul-to-slf4j-1.7.36.jar;D:\environment\Maven\apache-maven-3.5.4\mvn_repo\jakarta\annotation\jakarta.annotation-api\1.3.5\jakarta.annotation-api-1.3.5.jar;D:\environment\Maven\apache-maven-3.5.4\mvn_repo\org\yaml\snakeyaml\1.30\snakeyaml-1.30.jar;D:\environment\Maven\apache-maven-3.5.4\mvn_repo\org\springframework\boot\spring-boot-starter-json\2.7.3\spring-boot-starter-json-2.7.3.jar;D:\environment\Maven\apache-maven-3.5.4\mvn_repo\com\fasterxml\jackson\core\jackson-databind\2.13.3\jackson-databind-2.13.3.jar;D:\environment\Maven\apache-maven-3.5.4\mvn_repo\com\fasterxml\jackson\core\jackson-annotations\2.13.3\jackson-annotations-2.13.3.jar;D:\environment\Maven\apache-maven-3.5.4\mvn_repo\com\fasterxml\jackson\core\jackson-core\2.13.3\jackson-core-2.13.3.jar;D:\environment\Maven\apache-maven-3.5.4\mvn_repo\com\fasterxml\jackson\datatype\jackson-datatype-jdk8\2.13.3\jackson-datatype-jdk8-2.13.3.jar;D:\environment\Maven\apache-maven-3.5.4\mvn_repo\com\fasterxml\jackson\datatype\jackson-datatype-jsr310\2.13.3\jackson-datatype-jsr310-2.13.3.jar;D:\environment\Maven\apache-maven-3.5.4\mvn_repo\com\fasterxml\jackson\module\jackson-module-parameter-names\2.13.3\jackson-module-parameter-names-2.13.3.jar;D:\environment\Maven\apache-maven-3.5.4\mvn_repo\org\springframework\boot\spring-boot-starter-tomcat\2.7.3\spring-boot-starter-tomcat-2.7.3.jar;D:\environment\Maven\apache-maven-3.5.4\mvn_repo\org\apache\tomcat\embed\tomcat-embed-core\9.0.65\tomcat-embed-core-9.0.65.jar;D:\environment\Maven\apache-maven-3.5.4\mvn_repo\org\apache\tomcat\embed\tomcat-embed-el\9.0.65\tomcat-embed-el-9.0.65.jar;D:\environment\Maven\apache-maven-3.5.4\mvn_repo\org\apache\tomcat\embed\tomcat-embed-websocket\9.0.65\tomcat-embed-websocket-9.0.65.jar;D:\environment\Maven\apache-maven-3.5.4\mvn_repo\org\springframework\spring-web\5.3.22\spring-web-5.3.22.jar;D:\environment\Maven\apache-maven-3.5.4\mvn_repo\org\springframework\spring-beans\5.3.22\spring-beans-5.3.22.jar;D:\environment\Maven\apache-maven-3.5.4\mvn_repo\org\springframework\spring-webmvc\5.3.22\spring-webmvc-5.3.22.jar;D:\environment\Maven\apache-maven-3.5.4\mvn_repo\org\springframework\spring-aop\5.3.22\spring-aop-5.3.22.jar;D:\environment\Maven\apache-maven-3.5.4\mvn_repo\org\springframework\spring-context\5.3.22\spring-context-5.3.22.jar;D:\environment\Maven\apache-maven-3.5.4\mvn_repo\org\springframework\spring-expression\5.3.22\spring-expression-5.3.22.jar;D:\environment\Maven\apache-maven-3.5.4\mvn_repo\org\mybatis\spring\boot\mybatis-spring-boot-starter\2.1.4\mybatis-spring-boot-starter-2.1.4.jar;D:\environment\Maven\apache-maven-3.5.4\mvn_repo\org\springframework\boot\spring-boot-starter-jdbc\2.7.3\spring-boot-starter-jdbc-2.7.3.jar;D:\environment\Maven\apache-maven-3.5.4\mvn_repo\com\zaxxer\HikariCP\4.0.3\HikariCP-4.0.3.jar;D:\environment\Maven\apache-maven-3.5.4\mvn_repo\org\springframework\spring-jdbc\5.3.22\spring-jdbc-5.3.22.jar;D:\environment\Maven\apache-maven-3.5.4\mvn_repo\org\springframework\spring-tx\5.3.22\spring-tx-5.3.22.jar;D:\environment\Maven\apache-maven-3.5.4\mvn_repo\org\mybatis\spring\boot\mybatis-spring-boot-autoconfigure\2.1.4\mybatis-spring-boot-autoconfigure-2.1.4.jar;D:\environment\Maven\apache-maven-3.5.4\mvn_repo\org\mybatis\mybatis-spring\2.0.6\mybatis-spring-2.0.6.jar;D:\environment\Maven\apache-maven-3.5.4\mvn_repo\mysql\mysql-connector-java\8.0.30\mysql-connector-java-8.0.30.jar;D:\environment\Maven\apache-maven-3.5.4\mvn_repo\org\springframework\boot\spring-boot-starter-test\2.7.3\spring-boot-starter-test-2.7.3.jar;D:\environment\Maven\apache-maven-3.5.4\mvn_repo\org\springframework\boot\spring-boot-test\2.7.3\spring-boot-test-2.7.3.jar;D:\environment\Maven\apache-maven-3.5.4\mvn_repo\org\springframework\boot\spring-boot-test-autoconfigure\2.7.3\spring-boot-test-autoconfigure-2.7.3.jar;D:\environment\Maven\apache-maven-3.5.4\mvn_repo\com\jayway\jsonpath\json-path\2.7.0\json-path-2.7.0.jar;D:\environment\Maven\apache-maven-3.5.4\mvn_repo\net\minidev\json-smart\2.4.8\json-smart-2.4.8.jar;D:\environment\Maven\apache-maven-3.5.4\mvn_repo\net\minidev\accessors-smart\2.4.8\accessors-smart-2.4.8.jar;D:\environment\Maven\apache-maven-3.5.4\mvn_repo\org\ow2\asm\asm\9.1\asm-9.1.jar;D:\environment\Maven\apache-maven-3.5.4\mvn_repo\org\slf4j\slf4j-api\1.7.36\slf4j-api-1.7.36.jar;D:\environment\Maven\apache-maven-3.5.4\mvn_repo\jakarta\xml\bind\jakarta.xml.bind-api\2.3.3\jakarta.xml.bind-api-2.3.3.jar;D:\environment\Maven\apache-maven-3.5.4\mvn_repo\jakarta\activation\jakarta.activation-api\1.2.2\jakarta.activation-api-1.2.2.jar;D:\environment\Maven\apache-maven-3.5.4\mvn_repo\org\assertj\assertj-core\3.22.0\assertj-core-3.22.0.jar;D:\environment\Maven\apache-maven-3.5.4\mvn_repo\org\hamcrest\hamcrest\2.2\hamcrest-2.2.jar;D:\environment\Maven\apache-maven-3.5.4\mvn_repo\org\junit\jupiter\junit-jupiter\5.8.2\junit-jupiter-5.8.2.jar;D:\environment\Maven\apache-maven-3.5.4\mvn_repo\org\junit\jupiter\junit-jupiter-api\5.8.2\junit-jupiter-api-5.8.2.jar;D:\environment\Maven\apache-maven-3.5.4\mvn_repo\org\opentest4j\opentest4j\1.2.0\opentest4j-1.2.0.jar;D:\environment\Maven\apache-maven-3.5.4\mvn_repo\org\junit\platform\junit-platform-commons\1.8.2\junit-platform-commons-1.8.2.jar;D:\environment\Maven\apache-maven-3.5.4\mvn_repo\org\apiguardian\apiguardian-api\1.1.2\apiguardian-api-1.1.2.jar;D:\environment\Maven\apache-maven-3.5.4\mvn_repo\org\junit\jupiter\junit-jupiter-params\5.8.2\junit-jupiter-params-5.8.2.jar;D:\environment\Maven\apache-maven-3.5.4\mvn_repo\org\junit\jupiter\junit-jupiter-engine\5.8.2\junit-jupiter-engine-5.8.2.jar;D:\environment\Maven\apache-maven-3.5.4\mvn_repo\org\junit\platform\junit-platform-engine\1.8.2\junit-platform-engine-1.8.2.jar;D:\environment\Maven\apache-maven-3.5.4\mvn_repo\org\mockito\mockito-core\4.5.1\mockito-core-4.5.1.jar;D:\environment\Maven\apache-maven-3.5.4\mvn_repo\net\bytebuddy\byte-buddy\1.12.13\byte-buddy-1.12.13.jar;D:\environment\Maven\apache-maven-3.5.4\mvn_repo\net\bytebuddy\byte-buddy-agent\1.12.13\byte-buddy-agent-1.12.13.jar;D:\environment\Maven\apache-maven-3.5.4\mvn_repo\org\objenesis\objenesis\3.2\objenesis-3.2.jar;D:\environment\Maven\apache-maven-3.5.4\mvn_repo\org\mockito\mockito-junit-jupiter\4.5.1\mockito-junit-jupiter-4.5.1.jar;D:\environment\Maven\apache-maven-3.5.4\mvn_repo\org\skyscreamer\jsonassert\1.5.1\jsonassert-1.5.1.jar;D:\environment\Maven\apache-maven-3.5.4\mvn_repo\com\vaadin\external\google\android-json\0.0.20131108.vaadin1\android-json-0.0.20131108.vaadin1.jar;D:\environment\Maven\apache-maven-3.5.4\mvn_repo\org\springframework\spring-core\5.3.22\spring-core-5.3.22.jar;D:\environment\Maven\apache-maven-3.5.4\mvn_repo\org\springframework\spring-jcl\5.3.22\spring-jcl-5.3.22.jar;D:\environment\Maven\apache-maven-3.5.4\mvn_repo\org\springframework\spring-test\5.3.22\spring-test-5.3.22.jar;D:\environment\Maven\apache-maven-3.5.4\mvn_repo\org\xmlunit\xmlunit-core\2.9.0\xmlunit-core-2.9.0.jar;D:\environment\Maven\apache-maven-3.5.4\mvn_repo\junit\junit\4.13.2\junit-4.13.2.jar;D:\environment\Maven\apache-maven-3.5.4\mvn_repo\org\hamcrest\hamcrest-core\2.2\hamcrest-core-2.2.jar;D:\environment\Maven\apache-maven-3.5.4\mvn_repo\org\aspectj\aspectjweaver\1.9.7\aspectjweaver-1.9.7.jar;D:\environment\Maven\apache-maven-3.5.4\mvn_repo\org\aspectj\aspectjtools\1.9.7\aspectjtools-1.9.7.jar;D:\environment\Maven\apache-maven-3.5.4\mvn_repo\org\mybatis\mybatis\3.5.6\mybatis-3.5.6.jar;"/>
    <property name="sun.cpu.endian" value="little"/>
    <property name="user.home" value="C:\Users\123"/>
    <property name="user.language" value="zh"/>
    <property name="java.specification.vendor" value="Oracle Corporation"/>
    <property name="java.home" value="D:\environment\JDK\jdk1.8.0_331\jre"/>
    <property name="basedir" value="D:\Java\Spring-boot项目实战\store"/>
    <property name="file.separator" value="\"/>
    <property name="line.separator" value="&#10;"/>
    <property name="java.vm.specification.vendor" value="Oracle Corporation"/>
    <property name="java.specification.name" value="Java Platform API Specification"/>
    <property name="java.awt.graphicsenv" value="sun.awt.Win32GraphicsEnvironment"/>
    <property name="idea.version2020.1.1" value="true"/>
    <property name="surefire.real.class.path" value="C:\Users\123\AppData\Local\Temp\surefire8009192898021760368\surefirebooter8743087367051493946.jar"/>
    <property name="sun.boot.class.path" value="D:\environment\JDK\jdk1.8.0_331\jre\lib\resources.jar;D:\environment\JDK\jdk1.8.0_331\jre\lib\rt.jar;D:\environment\JDK\jdk1.8.0_331\jre\lib\sunrsasign.jar;D:\environment\JDK\jdk1.8.0_331\jre\lib\jsse.jar;D:\environment\JDK\jdk1.8.0_331\jre\lib\jce.jar;D:\environment\JDK\jdk1.8.0_331\jre\lib\charsets.jar;D:\environment\JDK\jdk1.8.0_331\jre\lib\jfr.jar;D:\environment\JDK\jdk1.8.0_331\jre\classes"/>
    <property name="user.script" value=""/>
    <property name="sun.management.compiler" value="HotSpot 64-Bit Tiered Compilers"/>
    <property name="java.runtime.version" value="1.8.0_331-b09"/>
    <property name="user.name" value="123"/>
    <property name="path.separator" value=";"/>
    <property name="os.version" value="10.0"/>
    <property name="java.endorsed.dirs" value="D:\environment\JDK\jdk1.8.0_331\jre\lib\endorsed"/>
    <property name="java.runtime.name" value="Java(TM) SE Runtime Environment"/>
    <property name="file.encoding" value="GBK"/>
    <property name="java.vm.name" value="Java HotSpot(TM) 64-Bit Server VM"/>
    <property name="localRepository" value="D:\environment\Maven\apache-maven-3.5.4\mvn_repo"/>
    <property name="java.vendor.url.bug" value="http://bugreport.sun.com/bugreport/"/>
    <property name="java.io.tmpdir" value="C:\Users\123\AppData\Local\Temp\"/>
    <property name="java.version" value="1.8.0_331"/>
    <property name="user.dir" value="D:\Java\Spring-boot项目实战\store"/>
    <property name="os.arch" value="amd64"/>
    <property name="java.vm.specification.name" value="Java Virtual Machine Specification"/>
    <property name="java.awt.printerjob" value="sun.awt.windows.WPrinterJob"/>
    <property name="sun.os.patch.level" value=""/>
    <property name="java.library.path" value="D:\environment\JDK\jdk1.8.0_331\jre\bin;C:\WINDOWS\Sun\Java\bin;C:\WINDOWS\system32;C:\WINDOWS;D:\environment\JDK\jdk1.8.0_331\bin;D:\Scripts\;C:\Windows\system32;C:\Windows;C:\Windows\System32\Wbem;C:\Windows\System32\WindowsPowerShell\v1.0\;C:\Windows\System32\OpenSSH\;C:\Program Files (x86)\NVIDIA Corporation\PhysX\Common;C:\Program Files\NVIDIA Corporation\NVIDIA NvDLISR;C:\WINDOWS\system32;C:\WINDOWS;C:\WINDOWS\System32\Wbem;C:\WINDOWS\System32\WindowsPowerShell\v1.0\;C:\WINDOWS\System32\OpenSSH\;D:\environment\MinGW\bin;C:\Program Files\Azure Data Studio\bin;D:\environment\Maven\apache-maven-3.5.4\bin;D:\Mysql\Mysql5.5\5.5.60\bin;D:\Mysql\Navicat\bin;D:\Mysql\Mysql5.5\5.5.60\bin;D:\environment\Tomcat\Tomcat 9.0\bin;D:\environment\Git\cmd;C:\Users\123\AppData\Local\Microsoft\WindowsApps;D:\altera\13.1\modelsim_ase\win32aloem;D:\environment\MinGW\bin;D:\idea\IntelliJ IDEA 2020.1.1\bin;C:\Program Files\Azure Data Studio\bin;D:\fidder\Fiddler;C:\Users\123\AppData\Local\GitHubDesktop\bin;."/>
    <property name="java.vm.info" value="mixed mode"/>
    <property name="java.vendor" value="Oracle Corporation"/>
    <property name="java.vm.version" value="25.331-b09"/>
    <property name="java.ext.dirs" value="D:\environment\JDK\jdk1.8.0_331\jre\lib\ext;C:\WINDOWS\Sun\Java\lib\ext"/>
    <property name="sun.io.unicode.encoding" value="UnicodeLittle"/>
    <property name="maven.repo.local" value="D:\environment\Maven\apache-maven-3.5.4\mvn_repo"/>
    <property name="java.class.version" value="52.0"/>
  </properties>
  <testcase name="getConnection" classname="com.zzt.store.StoreApplicationTests" time="0.383"/>
  <testcase name="contextLoads" classname="com.zzt.store.StoreApplicationTests" time="0"/>
</testsuite>